0: 1: running  
1: 1: blocked  
2: 1: blocked  
3: 1: blocked  
4: 1: blocked  
5: 1: blocked  2: running  
6: 1: blocked  2: running  3: ready  
7: 1: blocked  2: blocked  3: running  
8: 1: ready  2: blocked  3: running  
9: 1: ready  2: ready  3: running  
10: 0: ready  1: ready  2: ready  3: running  
11: 0: running  1: ready  2: ready  
12: 0: blocked  1: running  2: ready  
13: 0: blocked  2: running  
14: 0: blocked  2: running  
15: 0: blocked  
16: 0: blocked  
17: 0: running  
18: 

Finishing time: 17
CPU Utilization: 0.667
Turnaround time of process 0: 8
Turnaround time of process 1: 13
Turnaround time of process 2: 10
Turnaround time of process 3: 5
